  Proyecto_Final_MAS_SmartB.cpp
C:\Users\mynit\OneDrive\Escritorio\Fundamentos de la programación\Proyecto_Final_MAS_SmartB\Proyecto_Final_MAS_SmartB.cpp(429,58): warning C4305: 'inicializando': truncamiento de 'double' a 'float'
C:\Users\mynit\OneDrive\Escritorio\Fundamentos de la programación\Proyecto_Final_MAS_SmartB\Proyecto_Final_MAS_SmartB.cpp(432,58): warning C4305: 'inicializando': truncamiento de 'double' a 'float'
C:\Users\mynit\OneDrive\Escritorio\Fundamentos de la programación\Proyecto_Final_MAS_SmartB\Proyecto_Final_MAS_SmartB.cpp(435,77): warning C4305: 'inicializando': truncamiento de 'double' a 'float'
C:\Users\mynit\OneDrive\Escritorio\Fundamentos de la programación\Proyecto_Final_MAS_SmartB\Proyecto_Final_MAS_SmartB.cpp(439,28): warning C4305: 'inicializando': truncamiento de 'double' a 'float'
C:\Users\mynit\OneDrive\Escritorio\Fundamentos de la programación\Proyecto_Final_MAS_SmartB\Proyecto_Final_MAS_SmartB.cpp(444,62): warning C4305: 'inicializando': truncamiento de 'double' a 'float'
C:\Users\mynit\OneDrive\Escritorio\Fundamentos de la programación\Proyecto_Final_MAS_SmartB\Proyecto_Final_MAS_SmartB.cpp(447,58): warning C4305: 'inicializando': truncamiento de 'double' a 'float'
C:\Users\mynit\OneDrive\Escritorio\Fundamentos de la programación\Proyecto_Final_MAS_SmartB\Proyecto_Final_MAS_SmartB.cpp(450,63): warning C4305: 'inicializando': truncamiento de 'double' a 'float'
C:\Users\mynit\OneDrive\Escritorio\Fundamentos de la programación\Proyecto_Final_MAS_SmartB\Proyecto_Final_MAS_SmartB.cpp(454,28): warning C4305: 'inicializando': truncamiento de 'double' a 'float'
C:\Users\mynit\OneDrive\Escritorio\Fundamentos de la programación\Proyecto_Final_MAS_SmartB\Proyecto_Final_MAS_SmartB.cpp(459,59): warning C4305: 'inicializando': truncamiento de 'double' a 'float'
C:\Users\mynit\OneDrive\Escritorio\Fundamentos de la programación\Proyecto_Final_MAS_SmartB\Proyecto_Final_MAS_SmartB.cpp(462,74): warning C4305: 'inicializando': truncamiento de 'double' a 'float'
C:\Users\mynit\OneDrive\Escritorio\Fundamentos de la programación\Proyecto_Final_MAS_SmartB\Proyecto_Final_MAS_SmartB.cpp(469,28): warning C4305: 'inicializando': truncamiento de 'double' a 'float'
C:\Users\mynit\OneDrive\Escritorio\Fundamentos de la programación\Proyecto_Final_MAS_SmartB\Proyecto_Final_MAS_SmartB.cpp(472,28): warning C4305: 'inicializando': truncamiento de 'double' a 'float'
C:\Users\mynit\OneDrive\Escritorio\Fundamentos de la programación\Proyecto_Final_MAS_SmartB\Proyecto_Final_MAS_SmartB.cpp(474,58): warning C4305: 'inicializando': truncamiento de 'double' a 'float'
C:\Users\mynit\OneDrive\Escritorio\Fundamentos de la programación\Proyecto_Final_MAS_SmartB\Proyecto_Final_MAS_SmartB.cpp(478,28): warning C4305: 'inicializando': truncamiento de 'double' a 'float'
C:\Users\mynit\OneDrive\Escritorio\Fundamentos de la programación\Proyecto_Final_MAS_SmartB\Proyecto_Final_MAS_SmartB.cpp(480,59): warning C4305: 'inicializando': truncamiento de 'double' a 'float'
C:\Users\mynit\OneDrive\Escritorio\Fundamentos de la programación\Proyecto_Final_MAS_SmartB\Proyecto_Final_MAS_SmartB.cpp(486,59): warning C4305: 'inicializando': truncamiento de 'double' a 'float'
C:\Users\mynit\OneDrive\Escritorio\Fundamentos de la programación\Proyecto_Final_MAS_SmartB\Proyecto_Final_MAS_SmartB.cpp(489,59): warning C4305: 'inicializando': truncamiento de 'double' a 'float'
C:\Users\mynit\OneDrive\Escritorio\Fundamentos de la programación\Proyecto_Final_MAS_SmartB\Proyecto_Final_MAS_SmartB.cpp(492,77): warning C4305: 'inicializando': truncamiento de 'double' a 'float'
C:\Users\mynit\OneDrive\Escritorio\Fundamentos de la programación\Proyecto_Final_MAS_SmartB\Proyecto_Final_MAS_SmartB.cpp(495,60): warning C4305: 'inicializando': truncamiento de 'double' a 'float'
C:\Users\mynit\OneDrive\Escritorio\Fundamentos de la programación\Proyecto_Final_MAS_SmartB\Proyecto_Final_MAS_SmartB.cpp(498,58): warning C4305: 'inicializando': truncamiento de 'double' a 'float'
C:\Users\mynit\OneDrive\Escritorio\Fundamentos de la programación\Proyecto_Final_MAS_SmartB\Proyecto_Final_MAS_SmartB.cpp(501,62): warning C4305: 'inicializando': truncamiento de 'double' a 'float'
C:\Users\mynit\OneDrive\Escritorio\Fundamentos de la programación\Proyecto_Final_MAS_SmartB\Proyecto_Final_MAS_SmartB.cpp(513,24): warning C4305: 'inicializando': truncamiento de 'double' a 'float'
C:\Users\mynit\OneDrive\Escritorio\Fundamentos de la programación\Proyecto_Final_MAS_SmartB\Proyecto_Final_MAS_SmartB.cpp(525,24): warning C4305: 'inicializando': truncamiento de 'double' a 'float'
C:\Users\mynit\OneDrive\Escritorio\Fundamentos de la programación\Proyecto_Final_MAS_SmartB\Proyecto_Final_MAS_SmartB.cpp(585,24): warning C4305: 'inicializando': truncamiento de 'double' a 'float'
C:\Users\mynit\OneDrive\Escritorio\Fundamentos de la programación\Proyecto_Final_MAS_SmartB\Proyecto_Final_MAS_SmartB.cpp(597,24): warning C4305: 'inicializando': truncamiento de 'double' a 'float'
C:\Users\mynit\OneDrive\Escritorio\Fundamentos de la programación\Proyecto_Final_MAS_SmartB\Proyecto_Final_MAS_SmartB.cpp(609,24): warning C4305: 'inicializando': truncamiento de 'double' a 'float'
C:\Users\mynit\OneDrive\Escritorio\Fundamentos de la programación\Proyecto_Final_MAS_SmartB\Proyecto_Final_MAS_SmartB.cpp(621,24): warning C4305: 'inicializando': truncamiento de 'double' a 'float'
C:\Users\mynit\OneDrive\Escritorio\Fundamentos de la programación\Proyecto_Final_MAS_SmartB\Proyecto_Final_MAS_SmartB.cpp(645,24): warning C4305: 'inicializando': truncamiento de 'double' a 'float'
C:\Users\mynit\OneDrive\Escritorio\Fundamentos de la programación\Proyecto_Final_MAS_SmartB\Proyecto_Final_MAS_SmartB.cpp(690,24): warning C4305: 'inicializando': truncamiento de 'double' a 'float'
C:\Users\mynit\OneDrive\Escritorio\Fundamentos de la programación\Proyecto_Final_MAS_SmartB\Proyecto_Final_MAS_SmartB.cpp(692,37): warning C4305: 'inicializando': truncamiento de 'double' a 'float'
C:\Users\mynit\OneDrive\Escritorio\Fundamentos de la programación\Proyecto_Final_MAS_SmartB\Proyecto_Final_MAS_SmartB.cpp(694,40): warning C4305: 'inicializando': truncamiento de 'double' a 'float'
C:\Users\mynit\OneDrive\Escritorio\Fundamentos de la programación\Proyecto_Final_MAS_SmartB\Proyecto_Final_MAS_SmartB.cpp(696,33): warning C4305: 'inicializando': truncamiento de 'double' a 'float'
C:\Users\mynit\OneDrive\Escritorio\Fundamentos de la programación\Proyecto_Final_MAS_SmartB\Proyecto_Final_MAS_SmartB.cpp(700,29): warning C4305: 'inicializando': truncamiento de 'double' a 'float'
C:\Users\mynit\OneDrive\Escritorio\Fundamentos de la programación\Proyecto_Final_MAS_SmartB\Proyecto_Final_MAS_SmartB.cpp(702,59): warning C4305: 'inicializando': truncamiento de 'double' a 'float'
C:\Users\mynit\OneDrive\Escritorio\Fundamentos de la programación\Proyecto_Final_MAS_SmartB\Proyecto_Final_MAS_SmartB.cpp(705,24): warning C4305: 'inicializando': truncamiento de 'double' a 'float'
C:\Users\mynit\OneDrive\Escritorio\Fundamentos de la programación\Proyecto_Final_MAS_SmartB\Proyecto_Final_MAS_SmartB.cpp(714,33): warning C4305: 'inicializando': truncamiento de 'double' a 'float'
C:\Users\mynit\OneDrive\Escritorio\Fundamentos de la programación\Proyecto_Final_MAS_SmartB\Proyecto_Final_MAS_SmartB.cpp(716,36): warning C4305: 'inicializando': truncamiento de 'double' a 'float'
C:\Users\mynit\OneDrive\Escritorio\Fundamentos de la programación\Proyecto_Final_MAS_SmartB\Proyecto_Final_MAS_SmartB.cpp(718,29): warning C4305: 'inicializando': truncamiento de 'double' a 'float'
C:\Users\mynit\OneDrive\Escritorio\Fundamentos de la programación\Proyecto_Final_MAS_SmartB\Proyecto_Final_MAS_SmartB.cpp(726,33): warning C4305: 'inicializando': truncamiento de 'double' a 'float'
C:\Users\mynit\OneDrive\Escritorio\Fundamentos de la programación\Proyecto_Final_MAS_SmartB\Proyecto_Final_MAS_SmartB.cpp(728,29): warning C4305: 'inicializando': truncamiento de 'double' a 'float'
C:\Users\mynit\OneDrive\Escritorio\Fundamentos de la programación\Proyecto_Final_MAS_SmartB\Proyecto_Final_MAS_SmartB.cpp(997,36): warning C4101: 'e': variable local sin referencia
C:\Users\mynit\OneDrive\Escritorio\Fundamentos de la programación\Proyecto_Final_MAS_SmartB\Proyecto_Final_MAS_SmartB.cpp(1424,32): warning C4101: 'e': variable local sin referencia
C:\Users\mynit\OneDrive\Escritorio\Fundamentos de la programación\Proyecto_Final_MAS_SmartB\Proyecto_Final_MAS_SmartB.cpp(2313,112): warning C4838: la conversión de 'const int' en 'double' requiere una conversión de restricción
C:\Users\mynit\OneDrive\Escritorio\Fundamentos de la programación\Proyecto_Final_MAS_SmartB\Proyecto_Final_MAS_SmartB.cpp(2365,96): warning C4838: la conversión de 'const int' en 'double' requiere una conversión de restricción
C:\Users\mynit\OneDrive\Escritorio\Fundamentos de la programación\Proyecto_Final_MAS_SmartB\Proyecto_Final_MAS_SmartB.cpp(2417,96): warning C4838: la conversión de 'const int' en 'double' requiere una conversión de restricción
  Proyecto_Final_MAS_SmartB.vcxproj -> C:\Users\mynit\OneDrive\Escritorio\Fundamentos de la programación\Proyecto_Final_MAS_SmartB\x64\Debug\Proyecto_Final_MAS_SmartB.exe
